[0.084s] Invoking command in '/home/jab/Documentos/GitHub/IR2117/tb3_ws/build/obstacles': CMAKE_PREFIX_PATH=${CMAKE_PREFIX_PATH}:/opt/ros/foxy /usr/bin/cmake --build /home/jab/Documentos/GitHub/IR2117/tb3_ws/build/obstacles -- -j4 -l4
[0.165s] [35m[1mScanning dependencies of target avoidance[0m
[0.212s] [ 25%] [32mBuilding CXX object CMakeFiles/avoidance.dir/src/avoidance.cpp.o[0m
[0.222s] [ 75%] Built target detector
[2.027s] [01m[K/home/jab/Documentos/GitHub/IR2117/tb3_ws/src/obstacles/src/avoidance.cpp:[m[K In function â€˜[01m[Kvoid callback_front(example_interfaces::msg::Bool_<std::allocator<void> >::SharedPtr)[m[Kâ€™:
[2.027s] [01m[K/home/jab/Documentos/GitHub/IR2117/tb3_ws/src/obstacles/src/avoidance.cpp:19:2:[m[K [01;31m[Kerror: [m[Kâ€˜[01m[Kfront_obstacle[m[Kâ€™ was not declared in this scope
[2.027s]    19 |  [01;31m[Kfront_obstacle[m[K = msg->data;
[2.027s]       |  [01;31m[K^~~~~~~~~~~~~~[m[K
[2.030s] [01m[K/home/jab/Documentos/GitHub/IR2117/tb3_ws/src/obstacles/src/avoidance.cpp:[m[K In function â€˜[01m[Kvoid callback_left(example_interfaces::msg::Bool_<std::allocator<void> >::SharedPtr)[m[Kâ€™:
[2.030s] [01m[K/home/jab/Documentos/GitHub/IR2117/tb3_ws/src/obstacles/src/avoidance.cpp:23:2:[m[K [01;31m[Kerror: [m[Kâ€˜[01m[Kleft_obstacle[m[Kâ€™ was not declared in this scope
[2.030s]    23 |  [01;31m[Kleft_obstacle[m[K = msg->data;
[2.030s]       |  [01;31m[K^~~~~~~~~~~~~[m[K
[2.033s] [01m[K/home/jab/Documentos/GitHub/IR2117/tb3_ws/src/obstacles/src/avoidance.cpp:[m[K In function â€˜[01m[Kvoid callback_right(example_interfaces::msg::Bool_<std::allocator<void> >::SharedPtr)[m[Kâ€™:
[2.033s] [01m[K/home/jab/Documentos/GitHub/IR2117/tb3_ws/src/obstacles/src/avoidance.cpp:27:2:[m[K [01;31m[Kerror: [m[Kâ€˜[01m[Kright_obstacle[m[Kâ€™ was not declared in this scope
[2.033s]    27 |  [01;31m[Kright_obstacle[m[K = msg->data;
[2.033s]       |  [01;31m[K^~~~~~~~~~~~~~[m[K
[2.067s] [01m[K/home/jab/Documentos/GitHub/IR2117/tb3_ws/src/obstacles/src/avoidance.cpp:[m[K In function â€˜[01m[Kint main(int, char**)[m[Kâ€™:
[2.067s] [01m[K/home/jab/Documentos/GitHub/IR2117/tb3_ws/src/obstacles/src/avoidance.cpp:104:19:[m[K [01;31m[Kerror: [m[Kno matching function for call to â€˜[01m[Kspin_some()[m[Kâ€™
[2.067s]   104 | rclcpp::spin_some([01;31m[K)[m[K;
[2.067s]       |                   [01;31m[K^[m[K
[2.067s] In file included from [01m[K/opt/ros/foxy/include/rclcpp/rclcpp.hpp:146[m[K,
[2.067s]                  from [01m[K/home/jab/Documentos/GitHub/IR2117/tb3_ws/src/obstacles/src/avoidance.cpp:2[m[K:
[2.067s] [01m[K/opt/ros/foxy/include/rclcpp/executors.hpp:35:1:[m[K [01;36m[Knote: [m[Kcandidate: â€˜[01m[Kvoid rclcpp::spin_some(rclcpp::node_interfaces::NodeBaseInterface::SharedPtr)[m[Kâ€™
[2.067s]    35 | [01;36m[Kspin_some[m[K(rclcpp::node_interfaces::NodeBaseInterface::SharedPtr node_ptr);
[2.067s]       | [01;36m[K^~~~~~~~~[m[K
[2.067s] [01m[K/opt/ros/foxy/include/rclcpp/executors.hpp:35:1:[m[K [01;36m[Knote: [m[K  candidate expects 1 argument, 0 provided
[2.068s] [01m[K/opt/ros/foxy/include/rclcpp/executors.hpp:39:1:[m[K [01;36m[Knote: [m[Kcandidate: â€˜[01m[Kvoid rclcpp::spin_some(rclcpp::Node::SharedPtr)[m[Kâ€™
[2.068s]    39 | [01;36m[Kspin_some[m[K(rclcpp::Node::SharedPtr node_ptr);
[2.068s]       | [01;36m[K^~~~~~~~~[m[K
[2.068s] [01m[K/opt/ros/foxy/include/rclcpp/executors.hpp:39:1:[m[K [01;36m[Knote: [m[K  candidate expects 1 argument, 0 provided
[4.155s] make[2]: *** [CMakeFiles/avoidance.dir/build.make:63: CMakeFiles/avoidance.dir/src/avoidance.cpp.o] Error 1
[4.156s] make[1]: *** [CMakeFiles/Makefile2:107: CMakeFiles/avoidance.dir/all] Error 2
[4.156s] make: *** [Makefile:141: all] Error 2
[4.158s] Invoked command in '/home/jab/Documentos/GitHub/IR2117/tb3_ws/build/obstacles' returned '2': CMAKE_PREFIX_PATH=${CMAKE_PREFIX_PATH}:/opt/ros/foxy /usr/bin/cmake --build /home/jab/Documentos/GitHub/IR2117/tb3_ws/build/obstacles -- -j4 -l4
