[0.084s] Invoking command in '/home/jab/Documentos/GitHub/IR2117/tb3_ws/build/obstacles': CMAKE_PREFIX_PATH=${CMAKE_PREFIX_PATH}:/opt/ros/foxy /usr/bin/cmake --build /home/jab/Documentos/GitHub/IR2117/tb3_ws/build/obstacles -- -j4 -l4
[0.152s] [35m[1mScanning dependencies of target avoidance[0m
[0.194s] [ 25%] [32mBuilding CXX object CMakeFiles/avoidance.dir/src/avoidance.cpp.o[0m
[0.195s] [ 75%] Built target detector
[1.988s] [01m[K/home/jab/Documentos/GitHub/IR2117/tb3_ws/src/obstacles/src/avoidance.cpp:7:36:[m[K [01;31m[Kerror: [m[Kâ€˜[01m[Kexample_interfaces[m[Kâ€™ was not declared in this scope; did you mean â€˜[01m[Krcl_interfaces[m[Kâ€™?
[1.988s]     7 | std::shared_ptr< rclcpp::Publisher<[01;31m[Kexample_interfaces[m[K::msg::Bool> > publisher;
[1.989s]       |                                    [01;31m[K^~~~~~~~~~~~~~~~~~[m[K
[1.989s]       |                                    [32m[Krcl_interfaces[m[K
[1.989s] [01m[K/home/jab/Documentos/GitHub/IR2117/tb3_ws/src/obstacles/src/avoidance.cpp:7:65:[m[K [01;31m[Kerror: [m[Ktemplate argument 1 is invalid
[1.989s]     7 | std::shared_ptr< rclcpp::Publisher<example_interfaces::msg::Bool[01;31m[K>[m[K > publisher;
[1.989s]       |                                                                 [01;31m[K^[m[K
[1.989s] [01m[K/home/jab/Documentos/GitHub/IR2117/tb3_ws/src/obstacles/src/avoidance.cpp:7:67:[m[K [01;31m[Kerror: [m[Ktemplate argument 1 is invalid
[1.989s]     7 | std::shared_ptr< rclcpp::Publisher<example_interfaces::msg::Bool> [01;31m[K>[m[K publisher;
[1.989s]       |                                                                   [01;31m[K^[m[K
[3.086s] make[2]: *** [CMakeFiles/avoidance.dir/build.make:63: CMakeFiles/avoidance.dir/src/avoidance.cpp.o] Error 1
[3.086s] make[1]: *** [CMakeFiles/Makefile2:107: CMakeFiles/avoidance.dir/all] Error 2
[3.086s] make: *** [Makefile:141: all] Error 2
[3.089s] Invoked command in '/home/jab/Documentos/GitHub/IR2117/tb3_ws/build/obstacles' returned '2': CMAKE_PREFIX_PATH=${CMAKE_PREFIX_PATH}:/opt/ros/foxy /usr/bin/cmake --build /home/jab/Documentos/GitHub/IR2117/tb3_ws/build/obstacles -- -j4 -l4
