[0.017s] Invoking command in '/home/usuario/Documentos/GitHub/IR2117/ros2_ws/src/build/examples_topics': CMAKE_PREFIX_PATH=/opt/ros/foxy /usr/bin/cmake /home/usuario/Documentos/GitHub/IR2117/ros2_ws/src/examples/topics -DCMAKE_INSTALL_PREFIX=/home/usuario/Documentos/GitHub/IR2117/ros2_ws/src/install/examples_topics
[0.520s] -- The C compiler identification is GNU 9.4.0
[0.993s] -- The CXX compiler identification is GNU 9.4.0
[1.014s] -- Check for working C compiler: /usr/bin/cc
[1.502s] -- Check for working C compiler: /usr/bin/cc -- works
[1.515s] -- Detecting C compiler ABI info
[2.005s] -- Detecting C compiler ABI info - done
[2.046s] -- Detecting C compile features
[2.046s] -- Detecting C compile features - done
[2.068s] -- Check for working CXX compiler: /usr/bin/c++
[2.483s] -- Check for working CXX compiler: /usr/bin/c++ -- works
[2.491s] -- Detecting CXX compiler ABI info
[2.909s] -- Detecting CXX compiler ABI info - done
[2.982s] -- Detecting CXX compile features
[2.982s] -- Detecting CXX compile features - done
[3.008s] -- Found ament_cmake: 0.9.11 (/opt/ros/foxy/share/ament_cmake/cmake)
[3.042s] -- Found PythonInterp: /usr/bin/python3 (found suitable version "3.8.10", minimum required is "3") 
[3.042s] -- Using PYTHON_EXECUTABLE: /usr/bin/python3
[3.269s] -- Found rclcpp: 2.4.2 (/opt/ros/foxy/share/rclcpp/cmake)
[3.315s] -- Using all available rosidl_typesupport_c: rosidl_typesupport_fastrtps_c;rosidl_typesupport_introspection_c
[3.321s] -- Found rosidl_adapter: 1.3.0 (/opt/ros/foxy/share/rosidl_adapter/cmake)
[3.386s] -- Found OpenSSL: /usr/lib/x86_64-linux-gnu/libcrypto.so (found version "1.1.1f")  
[3.412s] -- Found FastRTPS: /opt/ros/foxy/include  
[3.478s] -- Using all available rosidl_typesupport_cpp: rosidl_typesupport_fastrtps_cpp;rosidl_typesupport_introspection_cpp
[3.530s] -- Found rmw_implementation_cmake: 1.0.3 (/opt/ros/foxy/share/rmw_implementation_cmake/cmake)
[3.533s] -- Using RMW implementation 'rmw_fastrtps_cpp' as default
[3.543s] -- Looking for pthread.h
[3.942s] -- Looking for pthread.h - found
[3.962s] -- Performing Test CMAKE_HAVE_LIBC_PTHREAD
[4.421s] -- Performing Test CMAKE_HAVE_LIBC_PTHREAD - Failed
[4.425s] -- Looking for pthread_create in pthreads
[4.620s] -- Looking for pthread_create in pthreads - not found
[4.635s] -- Looking for pthread_create in pthread
[5.092s] -- Looking for pthread_create in pthread - found
[5.107s] -- Found Threads: TRUE  
[5.343s] -- Configuring done
[5.354s] -- Generating done
[5.380s] -- Build files have been written to: /home/usuario/Documentos/GitHub/IR2117/ros2_ws/src/build/examples_topics
[5.388s] Invoked command in '/home/usuario/Documentos/GitHub/IR2117/ros2_ws/src/build/examples_topics' returned '0': CMAKE_PREFIX_PATH=/opt/ros/foxy /usr/bin/cmake /home/usuario/Documentos/GitHub/IR2117/ros2_ws/src/examples/topics -DCMAKE_INSTALL_PREFIX=/home/usuario/Documentos/GitHub/IR2117/ros2_ws/src/install/examples_topics
[5.394s] Invoking command in '/home/usuario/Documentos/GitHub/IR2117/ros2_ws/src/build/examples_topics': CMAKE_PREFIX_PATH=/opt/ros/foxy /usr/bin/cmake --build /home/usuario/Documentos/GitHub/IR2117/ros2_ws/src/build/examples_topics -- -j6 -l6
[5.557s] [35m[1mScanning dependencies of target subscriber[0m
[5.558s] [35m[1mScanning dependencies of target publisher[0m
[5.719s] [ 50%] [32mBuilding CXX object CMakeFiles/publisher.dir/publisher.cpp.o[0m
[5.722s] [ 50%] [32mBuilding CXX object CMakeFiles/subscriber.dir/subscriber.cpp.o[0m
[12.889s] make[2]: *** [CMakeFiles/publisher.dir/build.make:63: CMakeFiles/publisher.dir/publisher.cpp.o] Interrupci√≥n
[12.889s] make[1]: *** [CMakeFiles/Makefile2:107: CMakeFiles/publisher.dir/all] Interrupci√≥n
[12.891s] make[2]: *** wait: No hay ning√∫n proceso hijo.  Alto.
[12.891s] make[2]: *** Se espera a que terminen otras tareas....
[12.892s] make[2]: *** wait: No hay ning√∫n proceso hijo.  Alto.
[12.892s] make[1]: *** [CMakeFiles/Makefile2:80: CMakeFiles/subscriber.dir/all] Error 2
[12.893s] make: *** [Makefile:141: all] Interrupci√≥n
[13.041s] Invoked command in '/home/usuario/Documentos/GitHub/IR2117/ros2_ws/src/build/examples_topics' returned '-2': CMAKE_PREFIX_PATH=/opt/ros/foxy /usr/bin/cmake --build /home/usuario/Documentos/GitHub/IR2117/ros2_ws/src/build/examples_topics -- -j6 -l6
