[01m[K/home/jab/Documentos/GitHub/IR2117/tb3_ws/src/obstacles/src/detector.cpp:[m[K In function â€˜[01m[Kvoid callback(sensor_msgs::msg::LaserScan_<std::allocator<void> >::SharedPtr)[m[Kâ€™:
[01m[K/home/jab/Documentos/GitHub/IR2117/tb3_ws/src/obstacles/src/detector.cpp:11:60:[m[K [01;35m[Kwarning: [m[Kunused parameter â€˜[01m[Kmsg[m[Kâ€™ [[01;35m[K-Wunused-parameter[m[K]
   11 | void callback([01;35m[Kconst sensor_msgs::msg::LaserScan::SharedPtr msg[m[K)
      |               [01;35m[K~~~~~~~~~~~~~~~~~~~~~~~~~~~~~~~~~~~~~~~~~~~~~^~~[m[K
[01m[K/home/jab/Documentos/GitHub/IR2117/tb3_ws/src/obstacles/src/detector.cpp:[m[K In function â€˜[01m[Kint main(int, char**)[m[Kâ€™:
[01m[K/home/jab/Documentos/GitHub/IR2117/tb3_ws/src/obstacles/src/detector.cpp:27:3:[m[K [01;31m[Kerror: [m[Kâ€˜[01m[Kobs_angle_min[m[Kâ€™ was not declared in this scope
   27 |   [01;31m[Kobs_angle_min[m[K = node->get_parameter("obs_angle_min").get_parameter_value().get<double>();
      |   [01;31m[K^~~~~~~~~~~~~[m[K
[01m[K/home/jab/Documentos/GitHub/IR2117/tb3_ws/src/obstacles/src/detector.cpp:28:3:[m[K [01;31m[Kerror: [m[Kâ€˜[01m[Kobs_angle_max[m[Kâ€™ was not declared in this scope
   28 |   [01;31m[Kobs_angle_max[m[K = node->get_parameter("obs_angle_max").get_parameter_value().get<double>();
      |   [01;31m[K^~~~~~~~~~~~~[m[K
[01m[K/home/jab/Documentos/GitHub/IR2117/tb3_ws/src/obstacles/src/detector.cpp:29:3:[m[K [01;31m[Kerror: [m[Kâ€˜[01m[Kobs_threshold[m[Kâ€™ was not declared in this scope
   29 |   [01;31m[Kobs_threshold[m[K = node->get_parameter("obs_threshold").get_parameter_value().get<double>();
      |   [01;31m[K^~~~~~~~~~~~~[m[K
make[2]: *** [CMakeFiles/detector.dir/build.make:63: CMakeFiles/detector.dir/src/detector.cpp.o] Error 1
make[1]: *** [CMakeFiles/Makefile2:78: CMakeFiles/detector.dir/all] Error 2
make: *** [Makefile:141: all] Error 2
