[0.019s] Invoking command in '/home/usuario/Documentos/GitHub/IR2117/ros2_ws/src/build/examples_sum': CMAKE_PREFIX_PATH=/opt/ros/foxy /usr/bin/cmake /home/usuario/Documentos/GitHub/IR2117/ros2_ws/src/examples/sum -DCMAKE_INSTALL_PREFIX=/home/usuario/Documentos/GitHub/IR2117/ros2_ws/src/install/examples_sum
[0.525s] -- The C compiler identification is GNU 9.4.0
[0.995s] -- The CXX compiler identification is GNU 9.4.0
[1.019s] -- Check for working C compiler: /usr/bin/cc
[1.507s] -- Check for working C compiler: /usr/bin/cc -- works
[1.516s] -- Detecting C compiler ABI info
[2.010s] -- Detecting C compiler ABI info - done
[2.055s] -- Detecting C compile features
[2.056s] -- Detecting C compile features - done
[2.073s] -- Check for working CXX compiler: /usr/bin/c++
[2.488s] -- Check for working CXX compiler: /usr/bin/c++ -- works
[2.501s] -- Detecting CXX compiler ABI info
[2.914s] -- Detecting CXX compiler ABI info - done
[2.981s] -- Detecting CXX compile features
[2.981s] -- Detecting CXX compile features - done
[3.013s] -- Found ament_cmake: 0.9.11 (/opt/ros/foxy/share/ament_cmake/cmake)
[3.047s] -- Found PythonInterp: /usr/bin/python3 (found suitable version "3.8.10", minimum required is "3") 
[3.047s] -- Using PYTHON_EXECUTABLE: /usr/bin/python3
[3.274s] -- Found rclcpp: 2.4.2 (/opt/ros/foxy/share/rclcpp/cmake)
[3.320s] -- Using all available rosidl_typesupport_c: rosidl_typesupport_fastrtps_c;rosidl_typesupport_introspection_c
[3.326s] -- Found rosidl_adapter: 1.3.0 (/opt/ros/foxy/share/rosidl_adapter/cmake)
[3.391s] -- Found OpenSSL: /usr/lib/x86_64-linux-gnu/libcrypto.so (found version "1.1.1f")  
[3.417s] -- Found FastRTPS: /opt/ros/foxy/include  
[3.483s] -- Using all available rosidl_typesupport_cpp: rosidl_typesupport_fastrtps_cpp;rosidl_typesupport_introspection_cpp
[3.535s] -- Found rmw_implementation_cmake: 1.0.3 (/opt/ros/foxy/share/rmw_implementation_cmake/cmake)
[3.538s] -- Using RMW implementation 'rmw_fastrtps_cpp' as default
[3.547s] -- Looking for pthread.h
[3.947s] -- Looking for pthread.h - found
[3.967s] -- Performing Test CMAKE_HAVE_LIBC_PTHREAD
[4.426s] -- Performing Test CMAKE_HAVE_LIBC_PTHREAD - Failed
[4.430s] -- Looking for pthread_create in pthreads
[4.625s] -- Looking for pthread_create in pthreads - not found
[4.630s] -- Looking for pthread_create in pthread
[5.097s] -- Looking for pthread_create in pthread - found
[5.120s] -- Found Threads: TRUE  
[5.347s] -- Configuring done
[5.357s] -- Generating done
[5.380s] -- Build files have been written to: /home/usuario/Documentos/GitHub/IR2117/ros2_ws/src/build/examples_sum
[5.385s] Invoked command in '/home/usuario/Documentos/GitHub/IR2117/ros2_ws/src/build/examples_sum' returned '0': CMAKE_PREFIX_PATH=/opt/ros/foxy /usr/bin/cmake /home/usuario/Documentos/GitHub/IR2117/ros2_ws/src/examples/sum -DCMAKE_INSTALL_PREFIX=/home/usuario/Documentos/GitHub/IR2117/ros2_ws/src/install/examples_sum
[5.390s] Invoking command in '/home/usuario/Documentos/GitHub/IR2117/ros2_ws/src/build/examples_sum': CMAKE_PREFIX_PATH=/opt/ros/foxy /usr/bin/cmake --build /home/usuario/Documentos/GitHub/IR2117/ros2_ws/src/build/examples_sum -- -j6 -l6
[5.562s] [35m[1mScanning dependencies of target sum[0m
[5.724s] [ 50%] [32mBuilding CXX object CMakeFiles/sum.dir/sum.cpp.o[0m
[12.894s] make[2]: *** [CMakeFiles/sum.dir/build.make:63: CMakeFiles/sum.dir/sum.cpp.o] Interrupci√≥n
[12.895s] make[1]: *** [CMakeFiles/Makefile2:105: CMakeFiles/sum.dir/all] Interrupci√≥n
[12.895s] make: *** [Makefile:141: all] Interrupci√≥n
[12.898s] Invoked command in '/home/usuario/Documentos/GitHub/IR2117/ros2_ws/src/build/examples_sum' returned '-2': CMAKE_PREFIX_PATH=/opt/ros/foxy /usr/bin/cmake --build /home/usuario/Documentos/GitHub/IR2117/ros2_ws/src/build/examples_sum -- -j6 -l6
