[0.037s] Invoking command in '/home/jordi/Documents/GitHub/IR2117/build/examples_sum': CMAKE_PREFIX_PATH=/opt/ros/foxy /usr/bin/cmake /home/jordi/Documents/GitHub/IR2117/ros2_ws/src/examples/sum -DCMAKE_INSTALL_PREFIX=/home/jordi/Documents/GitHub/IR2117/install/examples_sum
[0.266s] -- The C compiler identification is GNU 9.4.0
[0.462s] -- The CXX compiler identification is GNU 9.4.0
[0.476s] -- Check for working C compiler: /usr/bin/cc
[0.620s] -- Check for working C compiler: /usr/bin/cc -- works
[0.622s] -- Detecting C compiler ABI info
[0.794s] -- Detecting C compiler ABI info - done
[0.817s] -- Detecting C compile features
[0.818s] -- Detecting C compile features - done
[0.822s] -- Check for working CXX compiler: /usr/bin/c++
[1.020s] -- Check for working CXX compiler: /usr/bin/c++ -- works
[1.022s] -- Detecting CXX compiler ABI info
[1.178s] -- Detecting CXX compiler ABI info - done
[1.200s] -- Detecting CXX compile features
[1.202s] -- Detecting CXX compile features - done
[1.218s] -- Found ament_cmake: 0.9.11 (/opt/ros/foxy/share/ament_cmake/cmake)
[1.273s] -- Found PythonInterp: /usr/bin/python3 (found suitable version "3.8.10", minimum required is "3") 
[1.274s] -- Using PYTHON_EXECUTABLE: /usr/bin/python3
[1.733s] -- Found rclcpp: 2.4.2 (/opt/ros/foxy/share/rclcpp/cmake)
[1.858s] -- Using all available rosidl_typesupport_c: rosidl_typesupport_fastrtps_c;rosidl_typesupport_introspection_c
[1.879s] -- Found rosidl_adapter: 1.3.0 (/opt/ros/foxy/share/rosidl_adapter/cmake)
[2.122s] -- Found OpenSSL: /usr/lib/x86_64-linux-gnu/libcrypto.so (found version "1.1.1f")  
[2.184s] -- Found FastRTPS: /opt/ros/foxy/include  
[2.338s] -- Using all available rosidl_typesupport_cpp: rosidl_typesupport_fastrtps_cpp;rosidl_typesupport_introspection_cpp
[2.439s] -- Found rmw_implementation_cmake: 1.0.3 (/opt/ros/foxy/share/rmw_implementation_cmake/cmake)
[2.442s] -- Using RMW implementation 'rmw_fastrtps_cpp' as default
[2.446s] -- Looking for pthread.h
[2.596s] -- Looking for pthread.h - found
[2.597s] -- Performing Test CMAKE_HAVE_LIBC_PTHREAD
[2.724s] -- Performing Test CMAKE_HAVE_LIBC_PTHREAD - Failed
[2.724s] -- Looking for pthread_create in pthreads
[2.858s] -- Looking for pthread_create in pthreads - not found
[2.858s] -- Looking for pthread_create in pthread
[3.012s] -- Looking for pthread_create in pthread - found
[3.016s] -- Found Threads: TRUE  
[3.366s] -- Configuring done
[3.391s] -- Generating done
[3.394s] -- Build files have been written to: /home/jordi/Documents/GitHub/IR2117/build/examples_sum
[3.411s] Invoked command in '/home/jordi/Documents/GitHub/IR2117/build/examples_sum' returned '0': CMAKE_PREFIX_PATH=/opt/ros/foxy /usr/bin/cmake /home/jordi/Documents/GitHub/IR2117/ros2_ws/src/examples/sum -DCMAKE_INSTALL_PREFIX=/home/jordi/Documents/GitHub/IR2117/install/examples_sum
[3.412s] Invoking command in '/home/jordi/Documents/GitHub/IR2117/build/examples_sum': CMAKE_PREFIX_PATH=/opt/ros/foxy /usr/bin/cmake --build /home/jordi/Documents/GitHub/IR2117/build/examples_sum -- -j1 -l1
[3.469s] [35m[1mScanning dependencies of target sum[0m
[3.613s] [ 50%] [32mBuilding CXX object CMakeFiles/sum.dir/sum.cpp.o[0m
[11.441s] make[2]: *** [CMakeFiles/sum.dir/build.make:63: CMakeFiles/sum.dir/sum.cpp.o] Interrupt
[11.445s] make[1]: *** [CMakeFiles/Makefile2:105: CMakeFiles/sum.dir/all] Interrupt
[11.445s] make: *** [Makefile:141: all] Interrupt
[11.455s] Invoked command in '/home/jordi/Documents/GitHub/IR2117/build/examples_sum' returned '-2': CMAKE_PREFIX_PATH=/opt/ros/foxy /usr/bin/cmake --build /home/jordi/Documents/GitHub/IR2117/build/examples_sum -- -j1 -l1
