[35m[1mScanning dependencies of target sum[0m
[ 50%] [32mBuilding CXX object CMakeFiles/sum.dir/sum.cpp.o[0m
[01m[K/home/jordi/Documents/GitHub/IR2117/ros2_ws/src/examples/sum/sum.cpp:[m[K In function â€˜[01m[Kvoid topic_callback(std_msgs::msg::Int32_<std::allocator<void> >::SharedPtr)[m[Kâ€™:
[01m[K/home/jordi/Documents/GitHub/IR2117/ros2_ws/src/examples/sum/sum.cpp:7:3:[m[K [01;31m[Kerror: [m[Kâ€˜[01m[Ksum[m[Kâ€™ was not declared in this scope
    7 |   [01;31m[Ksum[m[K+=msg->data;
      |   [01;31m[K^~~[m[K
make[2]: *** [CMakeFiles/sum.dir/build.make:63: CMakeFiles/sum.dir/sum.cpp.o] Error 1
make[1]: *** [CMakeFiles/Makefile2:105: CMakeFiles/sum.dir/all] Error 2
make: *** [Makefile:141: all] Error 2
