[01m[K/home/jordi/Documents/GitHub/IR2117/ros2_ws/src/examples/sum/sum.cpp:[m[K In function â€˜[01m[Kint main(int, char**)[m[Kâ€™:
[01m[K/home/jordi/Documents/GitHub/IR2117/ros2_ws/src/examples/sum/sum.cpp:21:48:[m[K [01;31m[Kerror: [m[Kâ€˜[01m[Kmsgs[m[Kâ€™ is not a member of â€˜[01m[Kstd[m[Kâ€™
   21 |   auto publisher = node->create_publisher<std::[01;31m[Kmsgs[m[K::msg::Int32> ("sum",10)
      |                                                [01;31m[K^~~~[m[K
[01m[K/home/jordi/Documents/GitHub/IR2117/ros2_ws/src/examples/sum/sum.cpp:21:48:[m[K [01;31m[Kerror: [m[Kâ€˜[01m[Kmsgs[m[Kâ€™ is not a member of â€˜[01m[Kstd[m[Kâ€™
[01m[K/home/jordi/Documents/GitHub/IR2117/ros2_ws/src/examples/sum/sum.cpp:21:26:[m[K [01;31m[Kerror: [m[Kparse error in template argument list
   21 |   auto publisher = node->[01;31m[Kcreate_publisher<std::msgs::msg::Int32>[m[K ("sum",10)
      |                          [01;31m[K^~~~~~~~~~~~~~~~~~~~~~~~~~~~~~~~~~~~~~~[m[K
[01m[K/home/jordi/Documents/GitHub/IR2117/ros2_ws/src/examples/sum/sum.cpp:21:75:[m[K [01;31m[Kerror: [m[Kno matching function for call to â€˜[01m[Krclcpp::Node::create_publisher<<expression error> >(const char [4], int)[m[Kâ€™
   21 |  node->create_publisher<std::msgs::msg::Int32> ("sum",10[01;31m[K)[m[K
      |                                                         [01;31m[K^[m[K

In file included from [01m[K/opt/ros/foxy/include/rclcpp/executors/single_threaded_executor.hpp:28[m[K,
                 from [01m[K/opt/ros/foxy/include/rclcpp/executors.hpp:22[m[K,
                 from [01m[K/opt/ros/foxy/include/rclcpp/rclcpp.hpp:146[m[K,
                 from [01m[K/home/jordi/Documents/GitHub/IR2117/ros2_ws/src/examples/sum/sum.cpp:1[m[K:
[01m[K/opt/ros/foxy/include/rclcpp/node.hpp:184:3:[m[K [01;36m[Knote: [m[Kcandidate: â€˜[01m[Ktemplate<class MessageT, class AllocatorT, class PublisherT> std::shared_ptr<PublisherT> rclcpp::Node::create_publisher(const string&, const rclcpp::QoS&, const rclcpp::PublisherOptionsWithAllocator<AllocatorT>&)[m[Kâ€™
  184 |   [01;36m[Kcreate_publisher[m[K(
      |   [01;36m[K^~~~~~~~~~~~~~~~[m[K
[01m[K/opt/ros/foxy/include/rclcpp/node.hpp:184:3:[m[K [01;36m[Knote: [m[K  template argument deduction/substitution failed:
[01m[K/home/jordi/Documents/GitHub/IR2117/ros2_ws/src/examples/sum/sum.cpp:21:75:[m[K [01;31m[Kerror: [m[Ktemplate argument 1 is invalid
   21 |  node->create_publisher<std::msgs::msg::Int32> ("sum",10[01;31m[K)[m[K
      |                                                         [01;31m[K^[m[K

make[2]: *** [CMakeFiles/sum.dir/build.make:63: CMakeFiles/sum.dir/sum.cpp.o] Error 1
make[1]: *** [CMakeFiles/Makefile2:105: CMakeFiles/sum.dir/all] Error 2
make: *** [Makefile:141: all] Error 2
