[01m[K/home/jab/Documentos/GitHub/IR2117/tb3_ws/src/obstacles/src/avoidance.cpp:11:27:[m[K [01;31m[Kerror: [m[Kâ€˜[01m[Kexample_interfaces[m[Kâ€™ does not name a type; did you mean â€˜[01m[Krcl_interfaces[m[Kâ€™?
   11 | void callback_front(const [01;31m[Kexample_interfaces[m[K::msg::Bool::SharedPtr msg)
      |                           [01;31m[K^~~~~~~~~~~~~~~~~~[m[K
      |                           [32m[Krcl_interfaces[m[K
[01m[K/home/jab/Documentos/GitHub/IR2117/tb3_ws/src/obstacles/src/avoidance.cpp:11:50:[m[K [01;31m[Kerror: [m[Kexpected unqualified-id before â€˜[01m[K::[m[Kâ€™ token
   11 | void callback_front(const example_interfaces::msg[01;31m[K::[m[KBool::SharedPtr msg)
      |                                                  [01;31m[K^~[m[K
[01m[K/home/jab/Documentos/GitHub/IR2117/tb3_ws/src/obstacles/src/avoidance.cpp:11:50:[m[K [01;31m[Kerror: [m[Kexpected â€˜[01m[K)[m[Kâ€™ before â€˜[01m[K::[m[Kâ€™ token
   11 | void callback_front[34m[K([m[Kconst example_interfaces::msg[01;31m[K:[m[K[32m[K:[m[KBool::SharedPtr msg)
      |                    [34m[K~[m[K                             [01;31m[K^[m[K[32m[K~[m[K
      |                                                  [32m[K)[m[K
[01m[K/home/jab/Documentos/GitHub/IR2117/tb3_ws/src/obstacles/src/avoidance.cpp:11:50:[m[K [01;31m[Kerror: [m[Kexpected initializer before â€˜[01m[K::[m[Kâ€™ token
   11 | void callback_front(const example_interfaces::msg[01;31m[K::[m[KBool::SharedPtr msg)
      |                                                  [01;31m[K^~[m[K
[01m[K/home/jab/Documentos/GitHub/IR2117/tb3_ws/src/obstacles/src/avoidance.cpp:15:26:[m[K [01;31m[Kerror: [m[Kâ€˜[01m[Kexample_interfaces[m[Kâ€™ does not name a type; did you mean â€˜[01m[Krcl_interfaces[m[Kâ€™?
   15 | void callback_left(const [01;31m[Kexample_interfaces[m[K::msg::Bool::SharedPtr msg)
      |                          [01;31m[K^~~~~~~~~~~~~~~~~~[m[K
      |                          [32m[Krcl_interfaces[m[K
[01m[K/home/jab/Documentos/GitHub/IR2117/tb3_ws/src/obstacles/src/avoidance.cpp:15:49:[m[K [01;31m[Kerror: [m[Kexpected unqualified-id before â€˜[01m[K::[m[Kâ€™ token
   15 | void callback_left(const example_interfaces::msg[01;31m[K::[m[KBool::SharedPtr msg)
      |                                                 [01;31m[K^~[m[K
[01m[K/home/jab/Documentos/GitHub/IR2117/tb3_ws/src/obstacles/src/avoidance.cpp:15:49:[m[K [01;31m[Kerror: [m[Kexpected â€˜[01m[K)[m[Kâ€™ before â€˜[01m[K::[m[Kâ€™ token
   15 | void callback_left[34m[K([m[Kconst example_interfaces::msg[01;31m[K:[m[K[32m[K:[m[KBool::SharedPtr msg)
      |                   [34m[K~[m[K                             [01;31m[K^[m[K[32m[K~[m[K
      |                                                 [32m[K)[m[K
[01m[K/home/jab/Documentos/GitHub/IR2117/tb3_ws/src/obstacles/src/avoidance.cpp:15:49:[m[K [01;31m[Kerror: [m[Kexpected initializer before â€˜[01m[K::[m[Kâ€™ token
   15 | void callback_left(const example_interfaces::msg[01;31m[K::[m[KBool::SharedPtr msg)
      |                                                 [01;31m[K^~[m[K
[01m[K/home/jab/Documentos/GitHub/IR2117/tb3_ws/src/obstacles/src/avoidance.cpp:19:27:[m[K [01;31m[Kerror: [m[Kâ€˜[01m[Kexample_interfaces[m[Kâ€™ does not name a type; did you mean â€˜[01m[Krcl_interfaces[m[Kâ€™?
   19 | void callback_right(const [01;31m[Kexample_interfaces[m[K::msg::Bool::SharedPtr msg)
      |                           [01;31m[K^~~~~~~~~~~~~~~~~~[m[K
      |                           [32m[Krcl_interfaces[m[K
[01m[K/home/jab/Documentos/GitHub/IR2117/tb3_ws/src/obstacles/src/avoidance.cpp:19:50:[m[K [01;31m[Kerror: [m[Kexpected unqualified-id before â€˜[01m[K::[m[Kâ€™ token
   19 | void callback_right(const example_interfaces::msg[01;31m[K::[m[KBool::SharedPtr msg)
      |                                                  [01;31m[K^~[m[K
[01m[K/home/jab/Documentos/GitHub/IR2117/tb3_ws/src/obstacles/src/avoidance.cpp:19:50:[m[K [01;31m[Kerror: [m[Kexpected â€˜[01m[K)[m[Kâ€™ before â€˜[01m[K::[m[Kâ€™ token
   19 | void callback_right[34m[K([m[Kconst example_interfaces::msg[01;31m[K:[m[K[32m[K:[m[KBool::SharedPtr msg)
      |                    [34m[K~[m[K                             [01;31m[K^[m[K[32m[K~[m[K
      |                                                  [32m[K)[m[K
[01m[K/home/jab/Documentos/GitHub/IR2117/tb3_ws/src/obstacles/src/avoidance.cpp:19:50:[m[K [01;31m[Kerror: [m[Kexpected initializer before â€˜[01m[K::[m[Kâ€™ token
   19 | void callback_right(const example_interfaces::msg[01;31m[K::[m[KBool::SharedPtr msg)
      |                                                  [01;31m[K^~[m[K
[01m[K/home/jab/Documentos/GitHub/IR2117/tb3_ws/src/obstacles/src/avoidance.cpp:[m[K In function â€˜[01m[Kint main(int, char**)[m[Kâ€™:
[01m[K/home/jab/Documentos/GitHub/IR2117/tb3_ws/src/obstacles/src/avoidance.cpp:31:47:[m[K [01;31m[Kerror: [m[Kâ€˜[01m[Kexample_interfaces[m[Kâ€™ was not declared in this scope; did you mean â€˜[01m[Krcl_interfaces[m[Kâ€™?
   31 |   auto subs_front = node->create_subscription<[01;31m[Kexample_interfaces[m[K::msg::Bool>("/front/obstacle", 10, callback_front);
      |                                               [01;31m[K^~~~~~~~~~~~~~~~~~[m[K
      |                                               [32m[Krcl_interfaces[m[K
[01m[K/home/jab/Documentos/GitHub/IR2117/tb3_ws/src/obstacles/src/avoidance.cpp:31:27:[m[K [01;31m[Kerror: [m[Kparse error in template argument list
   31 |   auto subs_front = node->[01;31m[Kcreate_subscription<example_interfaces::msg::Bool>[m[K("/front/obstacle", 10, callback_front);
      |                           [01;31m[K^~~~~~~~~~~~~~~~~~~~~~~~~~~~~~~~~~~~~~~~~~~~~~~~~~[m[K
[01m[K/home/jab/Documentos/GitHub/IR2117/tb3_ws/src/obstacles/src/avoidance.cpp:31:101:[m[K [01;31m[Kerror: [m[Kâ€˜[01m[Kcallback_front[m[Kâ€™ was not declared in this scope
   31 | cription<example_interfaces::msg::Bool>("/front/obstacle", 10, [01;31m[Kcallback_front[m[K);
      |                                                                [01;31m[K^~~~~~~~~~~~~~[m[K

[01m[K/home/jab/Documentos/GitHub/IR2117/tb3_ws/src/obstacles/src/avoidance.cpp:32:26:[m[K [01;31m[Kerror: [m[Kparse error in template argument list
   32 |   auto subs_left = node->[01;31m[Kcreate_subscription<example_interfaces::msg::Bool>[m[K("/left/obstacle", 10, callback_left);
      |                          [01;31m[K^~~~~~~~~~~~~~~~~~~~~~~~~~~~~~~~~~~~~~~~~~~~~~~~~~[m[K
[01m[K/home/jab/Documentos/GitHub/IR2117/tb3_ws/src/obstacles/src/avoidance.cpp:32:99:[m[K [01;31m[Kerror: [m[Kâ€˜[01m[Kcallback_left[m[Kâ€™ was not declared in this scope
   32 | bscription<example_interfaces::msg::Bool>("/left/obstacle", 10, [01;31m[Kcallback_left[m[K);
      |                                                                 [01;31m[K^~~~~~~~~~~~~[m[K

[01m[K/home/jab/Documentos/GitHub/IR2117/tb3_ws/src/obstacles/src/avoidance.cpp:33:27:[m[K [01;31m[Kerror: [m[Kparse error in template argument list
   33 |   auto subs_right = node->[01;31m[Kcreate_subscription<example_interfaces::msg::Bool>[m[K("/right/obstacle", 10, callback_right);
      |                           [01;31m[K^~~~~~~~~~~~~~~~~~~~~~~~~~~~~~~~~~~~~~~~~~~~~~~~~~[m[K
[01m[K/home/jab/Documentos/GitHub/IR2117/tb3_ws/src/obstacles/src/avoidance.cpp:33:101:[m[K [01;31m[Kerror: [m[Kâ€˜[01m[Kcallback_right[m[Kâ€™ was not declared in this scope
   33 | cription<example_interfaces::msg::Bool>("/right/obstacle", 10, [01;31m[Kcallback_right[m[K);
      |                                                                [01;31m[K^~~~~~~~~~~~~~[m[K

make[2]: *** [CMakeFiles/avoidance.dir/build.make:63: CMakeFiles/avoidance.dir/src/avoidance.cpp.o] Error 1
make[1]: *** [CMakeFiles/Makefile2:107: CMakeFiles/avoidance.dir/all] Error 2
make: *** [Makefile:141: all] Error 2
