[0.013s] Invoking command in '/home/jordi/Documents/GitHub/IR2117/ros2_ws/build/examples_sum': CMAKE_PREFIX_PATH=/opt/ros/foxy /usr/bin/cmake --build /home/jordi/Documents/GitHub/IR2117/ros2_ws/build/examples_sum -- -j1 -l1
[0.108s] [35m[1mScanning dependencies of target sum[0m
[0.203s] [ 50%] [32mBuilding CXX object CMakeFiles/sum.dir/sum.cpp.o[0m
[1.922s] [01m[K/home/jordi/Documents/GitHub/IR2117/ros2_ws/src/examples/sum/sum.cpp:[m[K In function â€˜[01m[Kint main(int, char**)[m[Kâ€™:
[1.922s] [01m[K/home/jordi/Documents/GitHub/IR2117/ros2_ws/src/examples/sum/sum.cpp:21:48:[m[K [01;31m[Kerror: [m[Kâ€˜[01m[Kmsgs[m[Kâ€™ is not a member of â€˜[01m[Kstd[m[Kâ€™
[1.923s]    21 |   auto publisher = node->create_publisher<std::[01;31m[Kmsgs[m[K::msg::Int32> ("sum",10);
[1.924s]       |                                                [01;31m[K^~~~[m[K
[1.926s] [01m[K/home/jordi/Documents/GitHub/IR2117/ros2_ws/src/examples/sum/sum.cpp:21:48:[m[K [01;31m[Kerror: [m[Kâ€˜[01m[Kmsgs[m[Kâ€™ is not a member of â€˜[01m[Kstd[m[Kâ€™
[1.926s] [01m[K/home/jordi/Documents/GitHub/IR2117/ros2_ws/src/examples/sum/sum.cpp:21:26:[m[K [01;31m[Kerror: [m[Kparse error in template argument list
[1.928s]    21 |   auto publisher = node->[01;31m[Kcreate_publisher<std::msgs::msg::Int32>[m[K ("sum",10);
[1.928s]       |                          [01;31m[K^~~~~~~~~~~~~~~~~~~~~~~~~~~~~~~~~~~~~~~[m[K
[1.929s] [01m[K/home/jordi/Documents/GitHub/IR2117/ros2_ws/src/examples/sum/sum.cpp:21:75:[m[K [01;31m[Kerror: [m[Kno matching function for call to â€˜[01m[Krclcpp::Node::create_publisher<<expression error> >(const char [4], int)[m[Kâ€™
[1.929s]    21 |  node->create_publisher<std::msgs::msg::Int32> ("sum",10[01;31m[K)[m[K;
[1.930s]       |                                                         [01;31m[K^[m[K
[1.930s] 
[1.931s] In file included from [01m[K/opt/ros/foxy/include/rclcpp/executors/single_threaded_executor.hpp:28[m[K,
[1.931s]                  from [01m[K/opt/ros/foxy/include/rclcpp/executors.hpp:22[m[K,
[1.931s]                  from [01m[K/opt/ros/foxy/include/rclcpp/rclcpp.hpp:146[m[K,
[1.932s]                  from [01m[K/home/jordi/Documents/GitHub/IR2117/ros2_ws/src/examples/sum/sum.cpp:1[m[K:
[1.932s] [01m[K/opt/ros/foxy/include/rclcpp/node.hpp:184:3:[m[K [01;36m[Knote: [m[Kcandidate: â€˜[01m[Ktemplate<class MessageT, class AllocatorT, class PublisherT> std::shared_ptr<PublisherT> rclcpp::Node::create_publisher(const string&, const rclcpp::QoS&, const rclcpp::PublisherOptionsWithAllocator<AllocatorT>&)[m[Kâ€™
[1.933s]   184 |   [01;36m[Kcreate_publisher[m[K(
[1.933s]       |   [01;36m[K^~~~~~~~~~~~~~~~[m[K
[1.934s] [01m[K/opt/ros/foxy/include/rclcpp/node.hpp:184:3:[m[K [01;36m[Knote: [m[K  template argument deduction/substitution failed:
[1.934s] [01m[K/home/jordi/Documents/GitHub/IR2117/ros2_ws/src/examples/sum/sum.cpp:21:75:[m[K [01;31m[Kerror: [m[Ktemplate argument 1 is invalid
[1.934s]    21 |  node->create_publisher<std::msgs::msg::Int32> ("sum",10[01;31m[K)[m[K;
[1.934s]       |                                                         [01;31m[K^[m[K
[1.934s] 
[4.044s] make[2]: *** [CMakeFiles/sum.dir/build.make:63: CMakeFiles/sum.dir/sum.cpp.o] Error 1
[4.044s] make[1]: *** [CMakeFiles/Makefile2:105: CMakeFiles/sum.dir/all] Error 2
[4.050s] make: *** [Makefile:141: all] Error 2
[4.050s] Invoked command in '/home/jordi/Documents/GitHub/IR2117/ros2_ws/build/examples_sum' returned '2': CMAKE_PREFIX_PATH=/opt/ros/foxy /usr/bin/cmake --build /home/jordi/Documents/GitHub/IR2117/ros2_ws/build/examples_sum -- -j1 -l1
