[01m[K/home/jab/Documentos/GitHub/IR2117/tb3_ws/src/obstacles/src/avoidance.cpp:7:36:[m[K [01;31m[Kerror: [m[Kâ€˜[01m[Kexample_interfaces[m[Kâ€™ was not declared in this scope; did you mean â€˜[01m[Krcl_interfaces[m[Kâ€™?
    7 | std::shared_ptr< rclcpp::Publisher<[01;31m[Kexample_interfaces[m[K::msg::Bool> > publisher;
      |                                    [01;31m[K^~~~~~~~~~~~~~~~~~[m[K
      |                                    [32m[Krcl_interfaces[m[K
[01m[K/home/jab/Documentos/GitHub/IR2117/tb3_ws/src/obstacles/src/avoidance.cpp:7:65:[m[K [01;31m[Kerror: [m[Ktemplate argument 1 is invalid
    7 | std::shared_ptr< rclcpp::Publisher<example_interfaces::msg::Bool[01;31m[K>[m[K > publisher;
      |                                                                 [01;31m[K^[m[K
[01m[K/home/jab/Documentos/GitHub/IR2117/tb3_ws/src/obstacles/src/avoidance.cpp:7:67:[m[K [01;31m[Kerror: [m[Ktemplate argument 1 is invalid
    7 | std::shared_ptr< rclcpp::Publisher<example_interfaces::msg::Bool> [01;31m[K>[m[K publisher;
      |                                                                   [01;31m[K^[m[K
[01m[K/home/jab/Documentos/GitHub/IR2117/tb3_ws/src/obstacles/src/avoidance.cpp:[m[K In function â€˜[01m[Kint main(int, char**)[m[Kâ€™:
[01m[K/home/jab/Documentos/GitHub/IR2117/tb3_ws/src/obstacles/src/avoidance.cpp:18:5:[m[K [01;31m[Kerror: [m[Kâ€˜[01m[Kgeometry[m[Kâ€™ was not declared in this scope; did you mean â€˜[01m[Kgeometry_msgs[m[Kâ€™?
   18 |     [01;31m[Kgeometry[m[K msgs::msg::Twist message;
      |     [01;31m[K^~~~~~~~[m[K
      |     [32m[Kgeometry_msgs[m[K
[01m[K/home/jab/Documentos/GitHub/IR2117/tb3_ws/src/obstacles/src/avoidance.cpp:22:26:[m[K [01;31m[Kerror: [m[Kâ€˜[01m[Kmessage[m[Kâ€™ was not declared in this scope
   22 |       publisher->publish([01;31m[Kmessage[m[K);
      |                          [01;31m[K^~~~~~~[m[K
make[2]: *** [CMakeFiles/avoidance.dir/build.make:63: CMakeFiles/avoidance.dir/src/avoidance.cpp.o] Error 1
make[1]: *** [CMakeFiles/Makefile2:107: CMakeFiles/avoidance.dir/all] Error 2
make: *** [Makefile:141: all] Error 2
