[0.080s] Invoking command in '/home/jab/Documentos/GitHub/IR2117/tb3_ws/build/obstacles': CMAKE_PREFIX_PATH=${CMAKE_PREFIX_PATH}:/opt/ros/foxy /usr/bin/cmake --build /home/jab/Documentos/GitHub/IR2117/tb3_ws/build/obstacles -- -j4 -l4
[0.151s] [35m[1mScanning dependencies of target avoidance[0m
[0.183s] [ 50%] Built target detector
[0.207s] [ 75%] [32mBuilding CXX object CMakeFiles/avoidance.dir/src/avoidance.cpp.o[0m
[1.992s] [01m[K/home/jab/Documentos/GitHub/IR2117/tb3_ws/src/obstacles/src/avoidance.cpp:7:36:[m[K [01;31m[Kerror: [m[Kâ€˜[01m[Kexample_interfaces[m[Kâ€™ was not declared in this scope; did you mean â€˜[01m[Krcl_interfaces[m[Kâ€™?
[1.992s]     7 | std::shared_ptr< rclcpp::Publisher<[01;31m[Kexample_interfaces[m[K::msg::Bool> > publisher;
[1.993s]       |                                    [01;31m[K^~~~~~~~~~~~~~~~~~[m[K
[1.993s]       |                                    [32m[Krcl_interfaces[m[K
[1.993s] [01m[K/home/jab/Documentos/GitHub/IR2117/tb3_ws/src/obstacles/src/avoidance.cpp:7:65:[m[K [01;31m[Kerror: [m[Ktemplate argument 1 is invalid
[1.993s]     7 | std::shared_ptr< rclcpp::Publisher<example_interfaces::msg::Bool[01;31m[K>[m[K > publisher;
[1.994s]       |                                                                 [01;31m[K^[m[K
[1.994s] [01m[K/home/jab/Documentos/GitHub/IR2117/tb3_ws/src/obstacles/src/avoidance.cpp:7:67:[m[K [01;31m[Kerror: [m[Ktemplate argument 1 is invalid
[1.994s]     7 | std::shared_ptr< rclcpp::Publisher<example_interfaces::msg::Bool> [01;31m[K>[m[K publisher;
[1.994s]       |                                                                   [01;31m[K^[m[K
[2.000s] [01m[K/home/jab/Documentos/GitHub/IR2117/tb3_ws/src/obstacles/src/avoidance.cpp:[m[K In function â€˜[01m[Kint main(int, char**)[m[Kâ€™:
[2.001s] [01m[K/home/jab/Documentos/GitHub/IR2117/tb3_ws/src/obstacles/src/avoidance.cpp:18:5:[m[K [01;31m[Kerror: [m[Kâ€˜[01m[Kgeometry[m[Kâ€™ was not declared in this scope; did you mean â€˜[01m[Kgeometry_msgs[m[Kâ€™?
[2.001s]    18 |     [01;31m[Kgeometry[m[K msgs::msg::Twist message;
[2.001s]       |     [01;31m[K^~~~~~~~[m[K
[2.001s]       |     [32m[Kgeometry_msgs[m[K
[2.008s] [01m[K/home/jab/Documentos/GitHub/IR2117/tb3_ws/src/obstacles/src/avoidance.cpp:22:26:[m[K [01;31m[Kerror: [m[Kâ€˜[01m[Kmessage[m[Kâ€™ was not declared in this scope
[2.009s]    22 |       publisher->publish([01;31m[Kmessage[m[K);
[2.009s]       |                          [01;31m[K^~~~~~~[m[K
[3.124s] make[2]: *** [CMakeFiles/avoidance.dir/build.make:63: CMakeFiles/avoidance.dir/src/avoidance.cpp.o] Error 1
[3.124s] make[1]: *** [CMakeFiles/Makefile2:107: CMakeFiles/avoidance.dir/all] Error 2
[3.124s] make: *** [Makefile:141: all] Error 2
[3.128s] Invoked command in '/home/jab/Documentos/GitHub/IR2117/tb3_ws/build/obstacles' returned '2': CMAKE_PREFIX_PATH=${CMAKE_PREFIX_PATH}:/opt/ros/foxy /usr/bin/cmake --build /home/jab/Documentos/GitHub/IR2117/tb3_ws/build/obstacles -- -j4 -l4
