[0.049s] Invoking command in '/home/jab/Documentos/GitHub/IR2117/tb3_ws/build/obstacles': CMAKE_PREFIX_PATH=${CMAKE_PREFIX_PATH}:/opt/ros/foxy /usr/bin/cmake --build /home/jab/Documentos/GitHub/IR2117/tb3_ws/build/obstacles -- -j4 -l4
[0.089s] [35m[1mScanning dependencies of target avoidance[0m
[0.116s] [ 50%] Built target detector
[0.121s] [ 75%] [32mBuilding CXX object CMakeFiles/avoidance.dir/src/avoidance.cpp.o[0m
[1.171s] [01m[K/home/jab/Documentos/GitHub/IR2117/tb3_ws/src/obstacles/src/avoidance.cpp:17:27:[m[K [01;31m[Kerror: [m[Kâ€˜[01m[Kexample_interfaces[m[Kâ€™ does not name a type; did you mean â€˜[01m[Krcl_interfaces[m[Kâ€™?
[1.172s]    17 | void callback_front(const [01;31m[Kexample_interfaces[m[K::msg::Bool::SharedPtr msg)
[1.172s]       |                           [01;31m[K^~~~~~~~~~~~~~~~~~[m[K
[1.172s]       |                           [32m[Krcl_interfaces[m[K
[1.172s] [01m[K/home/jab/Documentos/GitHub/IR2117/tb3_ws/src/obstacles/src/avoidance.cpp:17:50:[m[K [01;31m[Kerror: [m[Kexpected unqualified-id before â€˜[01m[K::[m[Kâ€™ token
[1.172s]    17 | void callback_front(const example_interfaces::msg[01;31m[K::[m[KBool::SharedPtr msg)
[1.172s]       |                                                  [01;31m[K^~[m[K
[1.172s] [01m[K/home/jab/Documentos/GitHub/IR2117/tb3_ws/src/obstacles/src/avoidance.cpp:17:50:[m[K [01;31m[Kerror: [m[Kexpected â€˜[01m[K)[m[Kâ€™ before â€˜[01m[K::[m[Kâ€™ token
[1.172s]    17 | void callback_front[34m[K([m[Kconst example_interfaces::msg[01;31m[K:[m[K[32m[K:[m[KBool::SharedPtr msg)
[1.172s]       |                    [34m[K~[m[K                             [01;31m[K^[m[K[32m[K~[m[K
[1.172s]       |                                                  [32m[K)[m[K
[1.172s] [01m[K/home/jab/Documentos/GitHub/IR2117/tb3_ws/src/obstacles/src/avoidance.cpp:17:50:[m[K [01;31m[Kerror: [m[Kexpected initializer before â€˜[01m[K::[m[Kâ€™ token
[1.172s]    17 | void callback_front(const example_interfaces::msg[01;31m[K::[m[KBool::SharedPtr msg)
[1.172s]       |                                                  [01;31m[K^~[m[K
[1.173s] [01m[K/home/jab/Documentos/GitHub/IR2117/tb3_ws/src/obstacles/src/avoidance.cpp:23:26:[m[K [01;31m[Kerror: [m[Kâ€˜[01m[Kexample_interfaces[m[Kâ€™ does not name a type; did you mean â€˜[01m[Krcl_interfaces[m[Kâ€™?
[1.173s]    23 | void callback_left(const [01;31m[Kexample_interfaces[m[K::msg::Bool::SharedPtr msg)
[1.173s]       |                          [01;31m[K^~~~~~~~~~~~~~~~~~[m[K
[1.173s]       |                          [32m[Krcl_interfaces[m[K
[1.173s] [01m[K/home/jab/Documentos/GitHub/IR2117/tb3_ws/src/obstacles/src/avoidance.cpp:23:49:[m[K [01;31m[Kerror: [m[Kexpected unqualified-id before â€˜[01m[K::[m[Kâ€™ token
[1.173s]    23 | void callback_left(const example_interfaces::msg[01;31m[K::[m[KBool::SharedPtr msg)
[1.173s]       |                                                 [01;31m[K^~[m[K
[1.173s] [01m[K/home/jab/Documentos/GitHub/IR2117/tb3_ws/src/obstacles/src/avoidance.cpp:23:49:[m[K [01;31m[Kerror: [m[Kexpected â€˜[01m[K)[m[Kâ€™ before â€˜[01m[K::[m[Kâ€™ token
[1.173s]    23 | void callback_left[34m[K([m[Kconst example_interfaces::msg[01;31m[K:[m[K[32m[K:[m[KBool::SharedPtr msg)
[1.173s]       |                   [34m[K~[m[K                             [01;31m[K^[m[K[32m[K~[m[K
[1.173s]       |                                                 [32m[K)[m[K
[1.173s] [01m[K/home/jab/Documentos/GitHub/IR2117/tb3_ws/src/obstacles/src/avoidance.cpp:23:49:[m[K [01;31m[Kerror: [m[Kexpected initializer before â€˜[01m[K::[m[Kâ€™ token
[1.173s]    23 | void callback_left(const example_interfaces::msg[01;31m[K::[m[KBool::SharedPtr msg)
[1.173s]       |                                                 [01;31m[K^~[m[K
[1.174s] [01m[K/home/jab/Documentos/GitHub/IR2117/tb3_ws/src/obstacles/src/avoidance.cpp:28:27:[m[K [01;31m[Kerror: [m[Kâ€˜[01m[Kexample_interfaces[m[Kâ€™ does not name a type; did you mean â€˜[01m[Krcl_interfaces[m[Kâ€™?
[1.174s]    28 | void callback_right(const [01;31m[Kexample_interfaces[m[K::msg::Bool::SharedPtr msg)
[1.174s]       |                           [01;31m[K^~~~~~~~~~~~~~~~~~[m[K
[1.175s]       |                           [32m[Krcl_interfaces[m[K
[1.175s] [01m[K/home/jab/Documentos/GitHub/IR2117/tb3_ws/src/obstacles/src/avoidance.cpp:28:50:[m[K [01;31m[Kerror: [m[Kexpected unqualified-id before â€˜[01m[K::[m[Kâ€™ token
[1.175s]    28 | void callback_right(const example_interfaces::msg[01;31m[K::[m[KBool::SharedPtr msg)
[1.175s]       |                                                  [01;31m[K^~[m[K
[1.175s] [01m[K/home/jab/Documentos/GitHub/IR2117/tb3_ws/src/obstacles/src/avoidance.cpp:28:50:[m[K [01;31m[Kerror: [m[Kexpected â€˜[01m[K)[m[Kâ€™ before â€˜[01m[K::[m[Kâ€™ token
[1.175s]    28 | void callback_right[34m[K([m[Kconst example_interfaces::msg[01;31m[K:[m[K[32m[K:[m[KBool::SharedPtr msg)
[1.175s]       |                    [34m[K~[m[K                             [01;31m[K^[m[K[32m[K~[m[K
[1.175s]       |                                                  [32m[K)[m[K
[1.175s] [01m[K/home/jab/Documentos/GitHub/IR2117/tb3_ws/src/obstacles/src/avoidance.cpp:28:50:[m[K [01;31m[Kerror: [m[Kexpected initializer before â€˜[01m[K::[m[Kâ€™ token
[1.175s]    28 | void callback_right(const example_interfaces::msg[01;31m[K::[m[KBool::SharedPtr msg)
[1.175s]       |                                                  [01;31m[K^~[m[K
[1.180s] [01m[K/home/jab/Documentos/GitHub/IR2117/tb3_ws/src/obstacles/src/avoidance.cpp:[m[K In function â€˜[01m[Kint main(int, char**)[m[Kâ€™:
[1.180s] [01m[K/home/jab/Documentos/GitHub/IR2117/tb3_ws/src/obstacles/src/avoidance.cpp:38:49:[m[K [01;31m[Kerror: [m[Kâ€˜[01m[Kexample_interfaces[m[Kâ€™ was not declared in this scope; did you mean â€˜[01m[Krcl_interfaces[m[Kâ€™?
[1.180s]    38 |     auto subs_front = node->create_subscription<[01;31m[Kexample_interfaces[m[K::msg::Bool>("/front/obstacle", 10,callback_front);
[1.180s]       |                                                 [01;31m[K^~~~~~~~~~~~~~~~~~[m[K
[1.180s]       |                                                 [32m[Krcl_interfaces[m[K
[1.180s] [01m[K/home/jab/Documentos/GitHub/IR2117/tb3_ws/src/obstacles/src/avoidance.cpp:38:29:[m[K [01;31m[Kerror: [m[Kparse error in template argument list
[1.180s]    38 |     auto subs_front = node->[01;31m[Kcreate_subscription<example_interfaces::msg::Bool>[m[K("/front/obstacle", 10,callback_front);
[1.180s]       |                             [01;31m[K^~~~~~~~~~~~~~~~~~~~~~~~~~~~~~~~~~~~~~~~~~~~~~~~~~[m[K
[1.181s] [01m[K/home/jab/Documentos/GitHub/IR2117/tb3_ws/src/obstacles/src/avoidance.cpp:38:102:[m[K [01;31m[Kerror: [m[Kâ€˜[01m[Kcallback_front[m[Kâ€™ was not declared in this scope
[1.182s]    38 |     auto subs_front = node->create_subscription<example_interfaces::msg::Bool>("/front/obstacle", 10,[01;31m[Kcallback_front[m[K);
[1.182s]       |                                                                                                      [01;31m[K^~~~~~~~~~~~~~[m[K
[1.182s] [01m[K/home/jab/Documentos/GitHub/IR2117/tb3_ws/src/obstacles/src/avoidance.cpp:39:28:[m[K [01;31m[Kerror: [m[Kparse error in template argument list
[1.182s]    39 |     auto subs_left = node->[01;31m[Kcreate_subscription<example_interfaces::msg::Bool>[m[K("/left/obstacle", 10,callback_left);
[1.182s]       |                            [01;31m[K^~~~~~~~~~~~~~~~~~~~~~~~~~~~~~~~~~~~~~~~~~~~~~~~~~[m[K
[1.183s] [01m[K/home/jab/Documentos/GitHub/IR2117/tb3_ws/src/obstacles/src/avoidance.cpp:39:100:[m[K [01;31m[Kerror: [m[Kâ€˜[01m[Kcallback_left[m[Kâ€™ was not declared in this scope
[1.183s]    39 |     auto subs_left = node->create_subscription<example_interfaces::msg::Bool>("/left/obstacle", 10,[01;31m[Kcallback_left[m[K);
[1.183s]       |                                                                                                    [01;31m[K^~~~~~~~~~~~~[m[K
[1.184s] [01m[K/home/jab/Documentos/GitHub/IR2117/tb3_ws/src/obstacles/src/avoidance.cpp:40:29:[m[K [01;31m[Kerror: [m[Kparse error in template argument list
[1.184s]    40 |     auto subs_right = node->[01;31m[Kcreate_subscription<example_interfaces::msg::Bool>[m[K("/right/obstacle", 10,callback_right);
[1.184s]       |                             [01;31m[K^~~~~~~~~~~~~~~~~~~~~~~~~~~~~~~~~~~~~~~~~~~~~~~~~~[m[K
[1.185s] [01m[K/home/jab/Documentos/GitHub/IR2117/tb3_ws/src/obstacles/src/avoidance.cpp:40:102:[m[K [01;31m[Kerror: [m[Kâ€˜[01m[Kcallback_right[m[Kâ€™ was not declared in this scope
[1.185s]    40 |     auto subs_right = node->create_subscription<example_interfaces::msg::Bool>("/right/obstacle", 10,[01;31m[Kcallback_right[m[K);
[1.185s]       |                                                                                                      [01;31m[K^~~~~~~~~~~~~~[m[K
[1.841s] make[2]: *** [CMakeFiles/avoidance.dir/build.make:63: CMakeFiles/avoidance.dir/src/avoidance.cpp.o] Error 1
[1.841s] make[1]: *** [CMakeFiles/Makefile2:107: CMakeFiles/avoidance.dir/all] Error 2
[1.842s] make: *** [Makefile:141: all] Error 2
[1.844s] Invoked command in '/home/jab/Documentos/GitHub/IR2117/tb3_ws/build/obstacles' returned '2': CMAKE_PREFIX_PATH=${CMAKE_PREFIX_PATH}:/opt/ros/foxy /usr/bin/cmake --build /home/jab/Documentos/GitHub/IR2117/tb3_ws/build/obstacles -- -j4 -l4
